<?xml version="1.0" encoding="UTF-8"?>
<testng-results ignored="0" total="1" passed="1" failed="0" skipped="0">
  <reporter-output>
  </reporter-output>
  <suite started-at="2023-11-06T22:19:36 VET" name="Default suite" finished-at="2023-11-06T22:19:38 VET" duration-ms="2232">
    <groups>
    </groups>
    <test started-at="2023-11-06T22:19:36 VET" name="Default test" finished-at="2023-11-06T22:19:38 VET" duration-ms="2232">
      <class name="login_Suite.TC02_Logout">
        <test-method is-config="true" signature="iniciarWebDriver()[pri:0, instance:login_Suite.TC02_Logout@68d6972f]" started-at="2023-11-06T22:19:36 VET" name="iniciarWebDriver" finished-at="2023-11-06T22:19:37 VET" duration-ms="1159" status="PASS">
          <reporter-output>
          </reporter-output>
        </test-method> <!-- iniciarWebDriver -->
        <test-method signature="TC_02()[pri:0, instance:login_Suite.TC02_Logout@68d6972f]" started-at="2023-11-06T22:19:37 VET" name="TC_02" finished-at="2023-11-06T22:19:38 VET" duration-ms="788" status="PASS">
          <reporter-output>
          </reporter-output>
        </test-method> <!-- TC_02 -->
        <test-method is-config="true" signature="closeDriver()[pri:0, instance:login_Suite.TC02_Logout@68d6972f]" started-at="2023-11-06T22:19:38 VET" name="closeDriver" finished-at="2023-11-06T22:19:38 VET" duration-ms="223" status="PASS">
          <reporter-output>
          </reporter-output>
        </test-method> <!-- closeDriver -->
      </class> <!-- login_Suite.TC02_Logout -->
    </test> <!-- Default test -->
  </suite> <!-- Default suite -->
</testng-results>
